0 info it worked if it ends with ok
1 verbose cli [ '/usr/bin/node', '/usr/bin/npm', 'run', 'build:css' ]
2 info using npm@3.5.2
3 info using node@v8.10.0
4 verbose run-script [ 'prebuild:css', 'build:css', 'postbuild:css' ]
5 info lifecycle trillo@1.0.0~prebuild:css: trillo@1.0.0
6 silly lifecycle trillo@1.0.0~prebuild:css: no script for prebuild:css, continuing
7 info lifecycle trillo@1.0.0~build:css: trillo@1.0.0
8 verbose lifecycle trillo@1.0.0~build:css: unsafe-perm in lifecycle true
9 verbose lifecycle trillo@1.0.0~build:css: PATH: /usr/share/npm/bin/node-gyp-bin:/home/ima007/Desktop/Websites/advanced-css-course/Trillo/starter/node_modules/.bin:/home/ima007/.local/bin:/usr/local/sbin:/usr/local/bin:/usr/sbin:/usr/bin:/sbin:/bin:/usr/games:/usr/local/games:/snap/bin:/usr/lib/jvm/java-8-oracle/bin:/usr/lib/jvm/java-8-oracle/db/bin:/usr/lib/jvm/java-8-oracle/jre/bin:/home/ima007/bin:/usr/lib/jvm/java-8-oracle/bin
10 verbose lifecycle trillo@1.0.0~build:css: CWD: /home/ima007/Desktop/Websites/advanced-css-course/Trillo/starter
11 silly lifecycle trillo@1.0.0~build:css: Args: [ '-c',
11 silly lifecycle   'npm-run-all compile:sass concat:css prefix:css compress:css' ]
12 silly lifecycle trillo@1.0.0~build:css: Returned: code: 1  signal: null
13 info lifecycle trillo@1.0.0~build:css: Failed to exec build:css script
14 verbose stack Error: trillo@1.0.0 build:css: `npm-run-all compile:sass concat:css prefix:css compress:css`
14 verbose stack Exit status 1
14 verbose stack     at EventEmitter.<anonymous> (/usr/share/npm/lib/utils/lifecycle.js:232:16)
14 verbose stack     at emitTwo (events.js:126:13)
14 verbose stack     at EventEmitter.emit (events.js:214:7)
14 verbose stack     at ChildProcess.<anonymous> (/usr/share/npm/lib/utils/spawn.js:24:14)
14 verbose stack     at emitTwo (events.js:126:13)
14 verbose stack     at ChildProcess.emit (events.js:214:7)
14 verbose stack     at maybeClose (internal/child_process.js:925:16)
14 verbose stack     at Process.ChildProcess._handle.onexit (internal/child_process.js:209:5)
15 verbose pkgid trillo@1.0.0
16 verbose cwd /home/ima007/Desktop/Websites/advanced-css-course/Trillo/starter
17 error Linux 4.15.0-34-generic
18 error argv "/usr/bin/node" "/usr/bin/npm" "run" "build:css"
19 error node v8.10.0
20 error npm  v3.5.2
21 error code ELIFECYCLE
22 error trillo@1.0.0 build:css: `npm-run-all compile:sass concat:css prefix:css compress:css`
22 error Exit status 1
23 error Failed at the trillo@1.0.0 build:css script 'npm-run-all compile:sass concat:css prefix:css compress:css'.
23 error Make sure you have the latest version of node.js and npm installed.
23 error If you do, this is most likely a problem with the trillo package,
23 error not with npm itself.
23 error Tell the author that this fails on your system:
23 error     npm-run-all compile:sass concat:css prefix:css compress:css
23 error You can get information on how to open an issue for this project with:
23 error     npm bugs trillo
23 error Or if that isn't available, you can get their info via:
23 error     npm owner ls trillo
23 error There is likely additional logging output above.
24 verbose exit [ 1, true ]
